[12494] 03 Jun 22:20:39.062 # Warning: no config file specified, using the default config. In order to specify a config file use redis-server /path/to/redis.conf
[12494] 03 Jun 22:20:39.063 * Max number of open files set to 10032
                _._                                                  
           _.-``__ ''-._                                             
      _.-``    `.  `_.  ''-._           Redis 2.8.3 (4cadae4a/0) 64 bit
  .-`` .-```.  ```\/    _.,_ ''-._                                   
 (    '      ,       .-`  | `,    )     Running in stand alone mode
 |`-._`-...-` __...-.``-._|'` _.-'|     Port: 6379
 |    `-._   `._    /     _.-'    |     PID: 12494
  `-._    `-._  `-./  _.-'    _.-'                                   
 |`-._`-._    `-.__.-'    _.-'_.-'|                                  
 |    `-._`-._        _.-'_.-'    |           http://redis.io        
  `-._    `-._`-.__.-'_.-'    _.-'                                   
 |`-._`-._    `-.__.-'    _.-'_.-'|                                  
 |    `-._`-._        _.-'_.-'    |                                  
  `-._    `-._`-.__.-'_.-'    _.-'                                   
      `-._    `-.__.-'    _.-'                                       
          `-._        _.-'                                           
              `-.__.-'                                               

[12494] 03 Jun 22:20:39.096 # Server started, Redis version 2.8.3
[12494] 03 Jun 22:20:39.096 # WARNING overcommit_memory is set to 0! Background save may fail under low memory condition. To fix this issue add 'vm.overcommit_memory = 1' to /etc/sysctl.conf and then reboot or run the command 'sysctl vm.overcommit_memory=1' for this to take effect.
[12494] 03 Jun 22:20:39.096 * The server is now ready to accept connections on port 6379
[12494 | signal handler] (1528119830) Received SIGTERM, scheduling shutdown...
[12494] 04 Jun 06:43:50.481 # User requested shutdown...
[12494] 04 Jun 06:43:50.483 * Saving the final RDB snapshot before exiting.
[12494] 04 Jun 06:43:51.782 * DB saved on disk
[12494] 04 Jun 06:43:51.784 # Redis is now ready to exit, bye bye...
